--- Generating 10 MBAs equivalent to x + y ---

[1/10] Generated MBA:
 	0xB9 * (0x89 * ((x ^ y) + 0x2 * (x & y)) + 0xE9) + 0x9F

[2/10] Generated MBA:
 	0xD3 * (0x5B * ((x ^ y) + 0x2 * (x & y)) + 0x86) + 0x8E

[3/10] Generated MBA:
 	0x67 * (0x57 * ((x ^ y) + 0x2 * (x & y)) + 0xC0) + 0xC0

[4/10] Generated MBA:
 	0xB3 * (0x7B * ((x ^ y) + 0x2 * (x & y)) + 0xA4) + 0x54

[5/10] Generated MBA:
 	0xE1 * (0x21 * ((x ^ y) + 0x2 * (x & y)) + 0xD0) + 0x30

[6/10] Generated MBA:
 	0xDF * (0x1F * ((x ^ y) + 0x2 * (x & y)) + 0x2A) + 0x6A

[7/10] Generated MBA:
 	0x8F * (0x6F * ((x ^ y) + 0x2 * (x & y)) + 0x6C) + 0xAC

[8/10] Generated MBA:
 	0xB7 * (0x7 * ((x ^ y) + 0x2 * (x & y)) + 0xC0) + 0xC0

[9/10] Generated MBA:
 	0xFB * (0x33 * ((x ^ y) + 0x2 * (x & y)) + 0x9C) + 0xC

[10/10] Generated MBA:
 	0x8B * (0x23 * ((x ^ y) + 0x2 * (x & y)) + 0xF1) + 0x25

